<?xml version="1.0" encoding="UTF-8"?>
<!-- Generated by org.testng.reporters.JUnitReportReporter -->
<testsuite skipped="0" hostname="PC201710171401" name="com.testng.testng.WebTest" tests="3" failures="0" timestamp="05 十二月 2018 13:36:49 GMT" time="8.479" errors="0">
  <testcase name="f" time="0.634" classname="com.testng.testng.WebTest"/>
  <testcase name="f" time="3.116" classname="com.testng.testng.WebTest"/>
  <testcase name="f" time="4.729" classname="com.testng.testng.WebTest"/>
</testsuite> <!-- com.testng.testng.WebTest -->
