<?xml version="1.0" encoding="UTF-8"?>
<!-- Generated by org.testng.reporters.JUnitReportReporter -->
<testsuite skipped="0" hostname="PC201710171401" name="com.testng.testng.WebTest" tests="3" failures="0" timestamp="12 十二月 2018 09:35:48 GMT" time="15.280" errors="0">
  <testcase name="f" time="1.746" classname="com.testng.testng.WebTest"/>
  <testcase name="f" time="7.180" classname="com.testng.testng.WebTest"/>
  <testcase name="f" time="6.354" classname="com.testng.testng.WebTest"/>
</testsuite> <!-- com.testng.testng.WebTest -->
