<?xml version="1.0" encoding="UTF-8"?>
<!-- Generated by org.testng.reporters.JUnitReportReporter -->
<testsuite skipped="0" hostname="PC201710171401" name="com.testng.testng.WebTest" tests="2" failures="0" timestamp="14 十二月 2018 10:32:16 GMT" time="4.975" errors="0">
  <testcase name="f" time="4.216" classname="com.testng.testng.WebTest"/>
  <testcase name="f" time="0.759" classname="com.testng.testng.WebTest"/>
</testsuite> <!-- com.testng.testng.WebTest -->
