<?xml version="1.0" encoding="UTF-8"?>
<!-- Generated by org.testng.reporters.JUnitReportReporter -->
<testsuite skipped="0" hostname="PC201710171401" name="com.testng.testng.WebTest" tests="3" failures="0" timestamp="12 十二月 2018 10:10:37 GMT" time="7.810" errors="0">
  <testcase name="f" time="3.944" classname="com.testng.testng.WebTest"/>
  <testcase name="f" time="0.667" classname="com.testng.testng.WebTest"/>
  <testcase name="f" time="3.199" classname="com.testng.testng.WebTest"/>
</testsuite> <!-- com.testng.testng.WebTest -->
